[2024-02-20 10:12:42] local.ERROR: There are no commands defined in the "logs" namespace. {"exception":"[object] (Symfony\\Component\\Console\\Exception\\NamespaceNotFoundException(code: 0): There are no commands defined in the \"logs\" namespace. at /home/hakeemco/public_html/vendor/symfony/console/Application.php:650)
[stacktrace]
#0 /home/hakeemco/public_html/vendor/symfony/console/Application.php(701): Symfony\\Component\\Console\\Application->findNamespace()
#1 /home/hakeemco/public_html/vendor/symfony/console/Application.php(259): Symfony\\Component\\Console\\Application->find()
#2 /home/hakeemco/public_html/vendor/symfony/console/Application.php(171): Symfony\\Component\\Console\\Application->doRun()
#3 /home/hakeemco/public_html/vendor/laravel/framework/src/Illuminate/Console/Application.php(94): Symfony\\Component\\Console\\Application->run()
#4 /home/hakeemco/public_html/vendor/laravel/framework/src/Illuminate/Foundation/Console/Kernel.php(129): Illuminate\\Console\\Application->run()
#5 /home/hakeemco/public_html/artisan(35): Illuminate\\Foundation\\Console\\Kernel->handle()
#6 {main}
"} 
[2024-02-20 10:14:39] local.ERROR: There are no commands defined in the "logs" namespace. {"exception":"[object] (Symfony\\Component\\Console\\Exception\\NamespaceNotFoundException(code: 0): There are no commands defined in the \"logs\" namespace. at /home/hakeemco/public_html/vendor/symfony/console/Application.php:650)
[stacktrace]
#0 /home/hakeemco/public_html/vendor/symfony/console/Application.php(701): Symfony\\Component\\Console\\Application->findNamespace()
#1 /home/hakeemco/public_html/vendor/symfony/console/Application.php(259): Symfony\\Component\\Console\\Application->find()
#2 /home/hakeemco/public_html/vendor/symfony/console/Application.php(171): Symfony\\Component\\Console\\Application->doRun()
#3 /home/hakeemco/public_html/vendor/laravel/framework/src/Illuminate/Console/Application.php(94): Symfony\\Component\\Console\\Application->run()
#4 /home/hakeemco/public_html/vendor/laravel/framework/src/Illuminate/Foundation/Console/Kernel.php(129): Illuminate\\Console\\Application->run()
#5 /home/hakeemco/public_html/artisan(35): Illuminate\\Foundation\\Console\\Kernel->handle()
#6 {main}
"} 
